Using pre-set license
Built from '2020.3/release' branch; Version is '2020.3.2f1 (8fd9074bf66c) revision 9427207'; Using compiler version '192528614'; Build Type 'Release'
OS: 'Windows 10 Home; OS build 19042.985; Version 2009; 64bit' Language: 'es' Physical Memory: 16192 MB
BatchMode: 1, IsHumanControllingUs: 0, StartBugReporterOnCrash: 0, Is64bit: 1, IsPro: 0

 COMMAND LINE ARGUMENTS:
C:\Program Files\Unity\Hub\Editor\2020.3.2f1\Editor\Unity.exe
-adb2
-batchMode
-noUpm
-name
AssetImportWorker0
-projectPath
D:/UnityProjects/Debugging The History
-logFile
Logs/AssetImportWorker0.log
-srvPort
57238
Successfully changed project path to: D:/UnityProjects/Debugging The History
D:/UnityProjects/Debugging The History
Using Asset Import Pipeline V2.
Refreshing native plugins compatible for Editor in 37.66 ms, found 2 plugins.
Preloading 0 native plugins for Editor in 0.00 ms.
Initialize engine version: 2020.3.2f1 (8fd9074bf66c)
[Subsystems] Discovering subsystems at path C:/Program Files/Unity/Hub/Editor/2020.3.2f1/Editor/Data/Resources/UnitySubsystems
[Subsystems] Discovering subsystems at path D:/UnityProjects/Debugging The History/Assets
GfxDevice: creating device client; threaded=0
Direct3D:
    Version:  Direct3D 11.0 [level 11.1]
    Renderer: NVIDIA GeForce GTX 1650 (ID=0x1f91)
    Vendor:   
    VRAM:     3962 MB
    Driver:   27.21.14.6230
Initialize mono
Mono path[0] = 'C:/Program Files/Unity/Hub/Editor/2020.3.2f1/Editor/Data/Managed'
Mono path[1] = 'C:/Program Files/Unity/Hub/Editor/2020.3.2f1/Editor/Data/MonoBleedingEdge/lib/mono/unityjit'
Mono config path = 'C:/Program Files/Unity/Hub/Editor/2020.3.2f1/Editor/Data/MonoBleedingEdge/etc'
Using monoOptions --debugger-agent=transport=dt_socket,embedding=1,server=y,suspend=n,address=127.0.0.1:56976
Begin MonoManager ReloadAssembly
Registering precompiled unity dll's ...
Register platform support module: C:/Program Files/Unity/Hub/Editor/2020.3.2f1/Editor/Data/PlaybackEngines/WindowsStandaloneSupport/UnityEditor.WindowsStandalone.Extensions.dll
Registered in 0.001782 seconds.
Native extension for WindowsStandalone target not found
Refreshing native plugins compatible for Editor in 35.91 ms, found 2 plugins.
Preloading 0 native plugins for Editor in 0.00 ms.
Invoked RoslynAnalysisRunner static constructor.
RoslynAnalysisRunner will not be running.
RoslynAnalysisRunner has terminated.
Mono: successfully reloaded assembly
- Completed reload, in  1.736 seconds
Platform modules already initialized, skipping
Registering precompiled user dll's ...
Registered in 0.001307 seconds.
Begin MonoManager ReloadAssembly
Native extension for WindowsStandalone target not found
Refreshing native plugins compatible for Editor in 35.69 ms, found 2 plugins.
Preloading 0 native plugins for Editor in 0.00 ms.
Invoked RoslynAnalysisRunner static constructor.
RoslynAnalysisRunner will not be running.
RoslynAnalysisRunner has terminated.
Mono: successfully reloaded assembly
- Completed reload, in  0.847 seconds
Platform modules already initialized, skipping
========================================================================
Worker process is ready to serve import requests
Launched and connected shader compiler UnityShaderCompiler.exe after 0.04 seconds
Refreshing native plugins compatible for Editor in 0.45 ms, found 2 plugins.
Preloading 0 native plugins for Editor in 0.00 ms.
Unloading 1924 Unused Serialized files (Serialized files now loaded: 0)
System memory in use before: 88.2 MB.
System memory in use after: 88.3 MB.

Unloading 36 unused Assets to reduce memory usage. Loaded Objects now: 2355.
Total: 2.025800 ms (FindLiveObjects: 0.215000 ms CreateObjectMapping: 0.146300 ms MarkObjects: 1.600200 ms  DeleteObjects: 0.063100 ms)

========================================================================
Received Import Request.
  path: Assets/Scenes/Egipto 1-1.unity
  artifactKey: Guid(2cda990e2423bbf4892e6590ba056729) Importer(815301076,1909f56bfc062723c751e8b465ee728b)
Start importing Assets/Scenes/Egipto 1-1.unity using Guid(2cda990e2423bbf4892e6590ba056729) Importer(815301076,1909f56bfc062723c751e8b465ee728b)  -> (artifact id: '8cfc1e5b278c3a7638a848c58a4c9cf1') in 0.014887 seconds
  Import took 0.017538 seconds .

========================================================================
Received Import Request.
  Time since last request: 273.411058 seconds.
  path: Assets/Scenes/Egipto 1-2.unity
  artifactKey: Guid(1b6cc3920c3e1bf4d8522e12d68e573b) Importer(815301076,1909f56bfc062723c751e8b465ee728b)
Start importing Assets/Scenes/Egipto 1-2.unity using Guid(1b6cc3920c3e1bf4d8522e12d68e573b) Importer(815301076,1909f56bfc062723c751e8b465ee728b)  -> (artifact id: '06f44ab5fa6cb82718a2c07ee3c5e438') in 0.008438 seconds
  Import took 0.011211 seconds .

========================================================================
Received Prepare
Registering precompiled user dll's ...
Registered in 0.001241 seconds.
Begin MonoManager ReloadAssembly
Native extension for WindowsStandalone target not found
Refreshing native plugins compatible for Editor in 0.49 ms, found 2 plugins.
Preloading 0 native plugins for Editor in 0.00 ms.
Invoked RoslynAnalysisRunner static constructor.
RoslynAnalysisRunner will not be running.
RoslynAnalysisRunner has terminated.
Mono: successfully reloaded assembly
- Completed reload, in  0.827 seconds
Platform modules already initialized, skipping
Switching build target platform(5) subTarget(0) extendedPlatform(0) -> platform(13) subTarget(537395200) extendedPlatform(0)
Refreshing native plugins compatible for Editor in 0.45 ms, found 2 plugins.
Preloading 0 native plugins for Editor in 0.00 ms.
Unloading 1917 Unused Serialized files (Serialized files now loaded: 0)
System memory in use before: 87.7 MB.
System memory in use after: 87.8 MB.

Unloading 24 unused Assets to reduce memory usage. Loaded Objects now: 2359.
Total: 2.118600 ms (FindLiveObjects: 0.176800 ms CreateObjectMapping: 0.062700 ms MarkObjects: 1.862800 ms  DeleteObjects: 0.015400 ms)

AssetImportParameters requested are different than current active one (requested -> active):
  custom:graphics/normal-map-encoding: 01000000000000000000000000000000 -> 02000000000000000000000000000000
========================================================================
Received Prepare
Registering precompiled user dll's ...
Registered in 0.001254 seconds.
Begin MonoManager ReloadAssembly
Native extension for WindowsStandalone target not found
Refreshing native plugins compatible for Editor in 0.48 ms, found 2 plugins.
Preloading 0 native plugins for Editor in 0.00 ms.
Invoked RoslynAnalysisRunner static constructor.
RoslynAnalysisRunner will not be running.
RoslynAnalysisRunner has terminated.
Mono: successfully reloaded assembly
- Completed reload, in  0.808 seconds
Platform modules already initialized, skipping
Switching build target platform(5) subTarget(0) extendedPlatform(0) -> platform(13) subTarget(537395200) extendedPlatform(0)
Refreshing native plugins compatible for Editor in 0.48 ms, found 2 plugins.
Preloading 0 native plugins for Editor in 0.00 ms.
Unloading 1917 Unused Serialized files (Serialized files now loaded: 0)
System memory in use before: 87.7 MB.
System memory in use after: 87.8 MB.

Unloading 24 unused Assets to reduce memory usage. Loaded Objects now: 2363.
Total: 2.238800 ms (FindLiveObjects: 0.206900 ms CreateObjectMapping: 0.113200 ms MarkObjects: 1.897400 ms  DeleteObjects: 0.020100 ms)

AssetImportParameters requested are different than current active one (requested -> active):
  custom:graphics/normal-map-encoding: 01000000000000000000000000000000 -> 02000000000000000000000000000000
========================================================================
Received Prepare
Registering precompiled user dll's ...
Registered in 0.001549 seconds.
Begin MonoManager ReloadAssembly
Native extension for WindowsStandalone target not found
Refreshing native plugins compatible for Editor in 0.47 ms, found 2 plugins.
Preloading 0 native plugins for Editor in 0.00 ms.
Invoked RoslynAnalysisRunner static constructor.
RoslynAnalysisRunner will not be running.
RoslynAnalysisRunner has terminated.
Mono: successfully reloaded assembly
- Completed reload, in  0.776 seconds
Platform modules already initialized, skipping
Switching build target platform(5) subTarget(0) extendedPlatform(0) -> platform(13) subTarget(537395200) extendedPlatform(0)
Refreshing native plugins compatible for Editor in 0.47 ms, found 2 plugins.
Preloading 0 native plugins for Editor in 0.00 ms.
Unloading 1917 Unused Serialized files (Serialized files now loaded: 0)
System memory in use before: 87.7 MB.
System memory in use after: 87.9 MB.

Unloading 24 unused Assets to reduce memory usage. Loaded Objects now: 2367.
Total: 1.761000 ms (FindLiveObjects: 0.180500 ms CreateObjectMapping: 0.070500 ms MarkObjects: 1.491800 ms  DeleteObjects: 0.017300 ms)

AssetImportParameters requested are different than current active one (requested -> active):
  custom:graphics/normal-map-encoding: 01000000000000000000000000000000 -> 02000000000000000000000000000000
========================================================================
Received Import Request.
  Time since last request: 502.752299 seconds.
  path: Assets/Scenes/Egipto 1-2.unity
  artifactKey: Guid(1b6cc3920c3e1bf4d8522e12d68e573b) Importer(815301076,1909f56bfc062723c751e8b465ee728b)
Start importing Assets/Scenes/Egipto 1-2.unity using Guid(1b6cc3920c3e1bf4d8522e12d68e573b) Importer(815301076,1909f56bfc062723c751e8b465ee728b)  -> (artifact id: '0c3dc0f0e4c55d8282d19179f77c68e6') in 0.015270 seconds
  Import took 0.017974 seconds .

========================================================================
Received Import Request.
  Time since last request: 192.354071 seconds.
  path: Assets/Backgrounds/DesiertoConCiudadTormenta.png
  artifactKey: Guid(92754b7e99721bf42b14a1961005e869) Importer(815301076,1909f56bfc062723c751e8b465ee728b)
Start importing Assets/Backgrounds/DesiertoConCiudadTormenta.png using Guid(92754b7e99721bf42b14a1961005e869) Importer(815301076,1909f56bfc062723c751e8b465ee728b)  -> (artifact id: 'c257f7f2e065761a55362f9daa86952b') in 0.121140 seconds
  Import took 0.124250 seconds .

========================================================================
Received Import Request.
  Time since last request: 0.003702 seconds.
  path: Assets/Backgrounds/DesiertoConCiudadTormenta.png
  artifactKey: Guid(92754b7e99721bf42b14a1961005e869) Importer(815301076,1909f56bfc062723c751e8b465ee728b)
Start importing Assets/Backgrounds/DesiertoConCiudadTormenta.png using Guid(92754b7e99721bf42b14a1961005e869) Importer(815301076,1909f56bfc062723c751e8b465ee728b)  -> (artifact id: 'c257f7f2e065761a55362f9daa86952b') in 0.012528 seconds
  Import took 0.016434 seconds .

========================================================================
Received Import Request.
  Time since last request: 166.231768 seconds.
  path: Assets/Scenes/Egipto 1-2.unity
  artifactKey: Guid(1b6cc3920c3e1bf4d8522e12d68e573b) Importer(815301076,1909f56bfc062723c751e8b465ee728b)
Start importing Assets/Scenes/Egipto 1-2.unity using Guid(1b6cc3920c3e1bf4d8522e12d68e573b) Importer(815301076,1909f56bfc062723c751e8b465ee728b)  -> (artifact id: '215dcf328271330abbf1b6cce6535621') in 0.001879 seconds
  Import took 0.004973 seconds .

========================================================================
Received Prepare
Registering precompiled user dll's ...
Registered in 0.001297 seconds.
Begin MonoManager ReloadAssembly
Native extension for WindowsStandalone target not found
Refreshing native plugins compatible for Editor in 0.47 ms, found 2 plugins.
Preloading 0 native plugins for Editor in 0.00 ms.
Invoked RoslynAnalysisRunner static constructor.
RoslynAnalysisRunner will not be running.
RoslynAnalysisRunner has terminated.
Mono: successfully reloaded assembly
- Completed reload, in  0.846 seconds
Platform modules already initialized, skipping
Switching build target platform(5) subTarget(0) extendedPlatform(0) -> platform(13) subTarget(537395200) extendedPlatform(0)
Refreshing native plugins compatible for Editor in 0.45 ms, found 2 plugins.
Preloading 0 native plugins for Editor in 0.00 ms.
Unloading 1917 Unused Serialized files (Serialized files now loaded: 0)
System memory in use before: 90.8 MB.
System memory in use after: 91.0 MB.

Unloading 24 unused Assets to reduce memory usage. Loaded Objects now: 2377.
Total: 1.986100 ms (FindLiveObjects: 0.225700 ms CreateObjectMapping: 0.110700 ms MarkObjects: 1.624100 ms  DeleteObjects: 0.024800 ms)

AssetImportParameters requested are different than current active one (requested -> active):
  custom:graphics/normal-map-encoding: 01000000000000000000000000000000 -> 02000000000000000000000000000000
========================================================================
Received Prepare
Registering precompiled user dll's ...
Registered in 0.001219 seconds.
Begin MonoManager ReloadAssembly
Native extension for WindowsStandalone target not found
Refreshing native plugins compatible for Editor in 0.71 ms, found 2 plugins.
Preloading 0 native plugins for Editor in 0.00 ms.
Invoked RoslynAnalysisRunner static constructor.
RoslynAnalysisRunner will not be running.
RoslynAnalysisRunner has terminated.
Mono: successfully reloaded assembly
- Completed reload, in  0.897 seconds
Platform modules already initialized, skipping
Switching build target platform(5) subTarget(0) extendedPlatform(0) -> platform(13) subTarget(537395200) extendedPlatform(0)
Refreshing native plugins compatible for Editor in 0.63 ms, found 2 plugins.
Preloading 0 native plugins for Editor in 0.00 ms.
Unloading 1917 Unused Serialized files (Serialized files now loaded: 0)
System memory in use before: 90.9 MB.
System memory in use after: 91.0 MB.

Unloading 24 unused Assets to reduce memory usage. Loaded Objects now: 2381.
Total: 2.590800 ms (FindLiveObjects: 0.307500 ms CreateObjectMapping: 0.103900 ms MarkObjects: 2.131800 ms  DeleteObjects: 0.046000 ms)

AssetImportParameters requested are different than current active one (requested -> active):
  custom:graphics/normal-map-encoding: 01000000000000000000000000000000 -> 02000000000000000000000000000000
========================================================================
Received Import Request.
  Time since last request: 145.126897 seconds.
  path: Assets/Backgrounds/DesiertoConCiudadTormenta.png
  artifactKey: Guid(92754b7e99721bf42b14a1961005e869) Importer(815301076,1909f56bfc062723c751e8b465ee728b)
Start importing Assets/Backgrounds/DesiertoConCiudadTormenta.png using Guid(92754b7e99721bf42b14a1961005e869) Importer(815301076,1909f56bfc062723c751e8b465ee728b)  -> (artifact id: '55858e5b6cd7a9a548147c5e9c7b5c63') in 0.084596 seconds
  Import took 0.090734 seconds .

========================================================================
Received Import Request.
  Time since last request: 243.715929 seconds.
  path: Assets/Backgrounds/DesiertoConCiudadNoche.png
  artifactKey: Guid(7933fb7854dc18941913c5b8f809f1b9) Importer(815301076,1909f56bfc062723c751e8b465ee728b)
Start importing Assets/Backgrounds/DesiertoConCiudadNoche.png using Guid(7933fb7854dc18941913c5b8f809f1b9) Importer(815301076,1909f56bfc062723c751e8b465ee728b)  -> (artifact id: '3d823e4dd3e0b82bc6e83da9e3cf9ac2') in 0.017189 seconds
  Import took 0.021307 seconds .

========================================================================
Received Import Request.
  Time since last request: 0.096309 seconds.
  path: Assets/Backgrounds/DesiertoConCiudadNoche.png
  artifactKey: Guid(7933fb7854dc18941913c5b8f809f1b9) Importer(815301076,1909f56bfc062723c751e8b465ee728b)
Start importing Assets/Backgrounds/DesiertoConCiudadNoche.png using Guid(7933fb7854dc18941913c5b8f809f1b9) Importer(815301076,1909f56bfc062723c751e8b465ee728b)  -> (artifact id: '3d823e4dd3e0b82bc6e83da9e3cf9ac2') in 0.031694 seconds
  Import took 0.036180 seconds .

========================================================================
Received Import Request.
  Time since last request: 27.868996 seconds.
  path: Assets/Backgrounds/DesiertoConCiudadNoche.png
  artifactKey: Guid(7933fb7854dc18941913c5b8f809f1b9) Importer(815301076,1909f56bfc062723c751e8b465ee728b)
Start importing Assets/Backgrounds/DesiertoConCiudadNoche.png using Guid(7933fb7854dc18941913c5b8f809f1b9) Importer(815301076,1909f56bfc062723c751e8b465ee728b)  -> (artifact id: 'd41dca95c7debef40de3801b381c6bc4') in 0.019164 seconds
  Import took 0.022347 seconds .

========================================================================
Received Import Request.
  Time since last request: 4.871411 seconds.
  path: Assets/Scenes/Egipto 1-3.unity
  artifactKey: Guid(36e669f3fe45d064aba745d7210b9b46) Importer(815301076,1909f56bfc062723c751e8b465ee728b)
Start importing Assets/Scenes/Egipto 1-3.unity using Guid(36e669f3fe45d064aba745d7210b9b46) Importer(815301076,1909f56bfc062723c751e8b465ee728b)  -> (artifact id: 'e9b0f6cdd2c5134d18a177d63c8e2a1f') in 0.008784 seconds
  Import took 0.011594 seconds .

========================================================================
Received Prepare
Registering precompiled user dll's ...
Registered in 0.001288 seconds.
Begin MonoManager ReloadAssembly
Native extension for WindowsStandalone target not found
Refreshing native plugins compatible for Editor in 0.45 ms, found 2 plugins.
Preloading 0 native plugins for Editor in 0.00 ms.
Invoked RoslynAnalysisRunner static constructor.
RoslynAnalysisRunner will not be running.
RoslynAnalysisRunner has terminated.
Mono: successfully reloaded assembly
- Completed reload, in  0.788 seconds
Platform modules already initialized, skipping
Switching build target platform(5) subTarget(0) extendedPlatform(0) -> platform(13) subTarget(537395200) extendedPlatform(0)
Refreshing native plugins compatible for Editor in 0.45 ms, found 2 plugins.
Preloading 0 native plugins for Editor in 0.00 ms.
Unloading 1917 Unused Serialized files (Serialized files now loaded: 0)
System memory in use before: 90.9 MB.
System memory in use after: 91.0 MB.

Unloading 24 unused Assets to reduce memory usage. Loaded Objects now: 2386.
Total: 1.901300 ms (FindLiveObjects: 0.186700 ms CreateObjectMapping: 0.074600 ms MarkObjects: 1.615300 ms  DeleteObjects: 0.023600 ms)

AssetImportParameters requested are different than current active one (requested -> active):
  custom:graphics/normal-map-encoding: 01000000000000000000000000000000 -> 02000000000000000000000000000000
========================================================================
Received Import Request.
  Time since last request: 100.666737 seconds.
  path: Assets/Scenes/Egipto 1-2.unity
  artifactKey: Guid(1b6cc3920c3e1bf4d8522e12d68e573b) Importer(815301076,1909f56bfc062723c751e8b465ee728b)
Start importing Assets/Scenes/Egipto 1-2.unity using Guid(1b6cc3920c3e1bf4d8522e12d68e573b) Importer(815301076,1909f56bfc062723c751e8b465ee728b)  -> (artifact id: '705cbac8768aa21acc92a864c43cbc65') in 0.009938 seconds
  Import took 0.012730 seconds .

========================================================================
Received Import Request.
  Time since last request: 13.429457 seconds.
  path: Assets/Scenes/Egipto 1-3.unity
  artifactKey: Guid(36e669f3fe45d064aba745d7210b9b46) Importer(815301076,1909f56bfc062723c751e8b465ee728b)
Start importing Assets/Scenes/Egipto 1-3.unity using Guid(36e669f3fe45d064aba745d7210b9b46) Importer(815301076,1909f56bfc062723c751e8b465ee728b)  -> (artifact id: '7a07ceff3f1150758b145fe0955548f3') in 0.001770 seconds
  Import took 0.005096 seconds .

========================================================================
Received Import Request.
  Time since last request: 2.025852 seconds.
  path: Assets/Scenes/Egipto 1-2.unity
  artifactKey: Guid(1b6cc3920c3e1bf4d8522e12d68e573b) Importer(815301076,1909f56bfc062723c751e8b465ee728b)
Start importing Assets/Scenes/Egipto 1-2.unity using Guid(1b6cc3920c3e1bf4d8522e12d68e573b) Importer(815301076,1909f56bfc062723c751e8b465ee728b)  -> (artifact id: '91b26e7ea7e13058fdd376aff720da7b') in 0.001587 seconds
  Import took 0.004210 seconds .

========================================================================
Received Import Request.
  Time since last request: 293.219527 seconds.
  path: Assets/Scenes/CinematicaNave.unity
  artifactKey: Guid(3800f535134f76a438bb5d2c4417a4da) Importer(815301076,1909f56bfc062723c751e8b465ee728b)
Start importing Assets/Scenes/CinematicaNave.unity using Guid(3800f535134f76a438bb5d2c4417a4da) Importer(815301076,1909f56bfc062723c751e8b465ee728b)  -> (artifact id: '62724cd03cd38f6454f62b2f80cedc99') in 0.009276 seconds
  Import took 0.012324 seconds .

========================================================================
Received Import Request.
  Time since last request: 8.860232 seconds.
  path: Assets/Backgrounds/interiorNave.jpg
  artifactKey: Guid(6404aecef40720b42a1dce90136df448) Importer(815301076,1909f56bfc062723c751e8b465ee728b)
Start importing Assets/Backgrounds/interiorNave.jpg using Guid(6404aecef40720b42a1dce90136df448) Importer(815301076,1909f56bfc062723c751e8b465ee728b)  -> (artifact id: '995171f092a644c1b167e1dcfd14517e') in 0.048157 seconds
  Import took 0.050872 seconds .

========================================================================
Received Import Request.
  Time since last request: 5878.851136 seconds.
  path: Assets/Scenes/CinematicaNave.unity
  artifactKey: Guid(3800f535134f76a438bb5d2c4417a4da) Importer(815301076,1909f56bfc062723c751e8b465ee728b)
Start importing Assets/Scenes/CinematicaNave.unity using Guid(3800f535134f76a438bb5d2c4417a4da) Importer(815301076,1909f56bfc062723c751e8b465ee728b)  -> (artifact id: 'd00af92cc07be88c4ab766bc4db8e8fe') in 0.002477 seconds
  Import took 0.005854 seconds .

========================================================================
Received Prepare
Registering precompiled user dll's ...
Registered in 0.001285 seconds.
Begin MonoManager ReloadAssembly
Native extension for WindowsStandalone target not found
Refreshing native plugins compatible for Editor in 0.45 ms, found 2 plugins.
Preloading 0 native plugins for Editor in 0.00 ms.
Invoked RoslynAnalysisRunner static constructor.
RoslynAnalysisRunner will not be running.
RoslynAnalysisRunner has terminated.
Mono: successfully reloaded assembly
- Completed reload, in  0.792 seconds
Platform modules already initialized, skipping
Switching build target platform(5) subTarget(0) extendedPlatform(0) -> platform(13) subTarget(537395200) extendedPlatform(0)
Refreshing native plugins compatible for Editor in 0.48 ms, found 2 plugins.
Preloading 0 native plugins for Editor in 0.00 ms.
Unloading 1917 Unused Serialized files (Serialized files now loaded: 0)
System memory in use before: 90.9 MB.
System memory in use after: 91.0 MB.

Unloading 24 unused Assets to reduce memory usage. Loaded Objects now: 2393.
Total: 2.136700 ms (FindLiveObjects: 0.233800 ms CreateObjectMapping: 0.097900 ms MarkObjects: 1.780700 ms  DeleteObjects: 0.023300 ms)

AssetImportParameters requested are different than current active one (requested -> active):
  custom:graphics/normal-map-encoding: 01000000000000000000000000000000 -> 02000000000000000000000000000000
========================================================================
Received Prepare
Registering precompiled user dll's ...
Registered in 0.001461 seconds.
Begin MonoManager ReloadAssembly
Native extension for WindowsStandalone target not found
Refreshing native plugins compatible for Editor in 0.52 ms, found 2 plugins.
Preloading 0 native plugins for Editor in 0.00 ms.
Invoked RoslynAnalysisRunner static constructor.
RoslynAnalysisRunner will not be running.
RoslynAnalysisRunner has terminated.
Mono: successfully reloaded assembly
- Completed reload, in  0.987 seconds
Platform modules already initialized, skipping
Switching build target platform(5) subTarget(0) extendedPlatform(0) -> platform(13) subTarget(537395200) extendedPlatform(0)
Refreshing native plugins compatible for Editor in 0.50 ms, found 2 plugins.
Preloading 0 native plugins for Editor in 0.00 ms.
Unloading 1917 Unused Serialized files (Serialized files now loaded: 0)
System memory in use before: 90.9 MB.
System memory in use after: 91.0 MB.

Unloading 24 unused Assets to reduce memory usage. Loaded Objects now: 2397.
Total: 3.164700 ms (FindLiveObjects: 0.465500 ms CreateObjectMapping: 0.196900 ms MarkObjects: 2.474600 ms  DeleteObjects: 0.025800 ms)

AssetImportParameters requested are different than current active one (requested -> active):
  custom:graphics/normal-map-encoding: 01000000000000000000000000000000 -> 02000000000000000000000000000000
========================================================================
Received Prepare
Registering precompiled user dll's ...
Registered in 0.001317 seconds.
Begin MonoManager ReloadAssembly
Native extension for WindowsStandalone target not found
Refreshing native plugins compatible for Editor in 0.47 ms, found 2 plugins.
Preloading 0 native plugins for Editor in 0.00 ms.
Invoked RoslynAnalysisRunner static constructor.
RoslynAnalysisRunner will not be running.
RoslynAnalysisRunner has terminated.
Mono: successfully reloaded assembly
- Completed reload, in  0.819 seconds
Platform modules already initialized, skipping
Switching build target platform(5) subTarget(0) extendedPlatform(0) -> platform(13) subTarget(537395200) extendedPlatform(0)
Refreshing native plugins compatible for Editor in 0.48 ms, found 2 plugins.
Preloading 0 native plugins for Editor in 0.00 ms.
Unloading 1917 Unused Serialized files (Serialized files now loaded: 0)
System memory in use before: 90.9 MB.
System memory in use after: 91.1 MB.

Unloading 24 unused Assets to reduce memory usage. Loaded Objects now: 2401.
Total: 1.854300 ms (FindLiveObjects: 0.280400 ms CreateObjectMapping: 0.066100 ms MarkObjects: 1.488900 ms  DeleteObjects: 0.018100 ms)

AssetImportParameters requested are different than current active one (requested -> active):
  custom:graphics/normal-map-encoding: 01000000000000000000000000000000 -> 02000000000000000000000000000000
========================================================================
Received Import Request.
  Time since last request: 148.916761 seconds.
  path: Assets/Scripts/ManipulacionEscenarios/SiguienteEscena.cs
  artifactKey: Guid(3c408500ab2f78847969944defc2d9ff) Importer(815301076,1909f56bfc062723c751e8b465ee728b)
Start importing Assets/Scripts/ManipulacionEscenarios/SiguienteEscena.cs using Guid(3c408500ab2f78847969944defc2d9ff) Importer(815301076,1909f56bfc062723c751e8b465ee728b)  -> (artifact id: 'c70f5f710bd2b5270639a8f6aedc2408') in 0.058902 seconds
  Import took 0.061633 seconds .

========================================================================
Received Prepare
Registering precompiled user dll's ...
Registered in 0.001332 seconds.
Begin MonoManager ReloadAssembly
Native extension for WindowsStandalone target not found
Refreshing native plugins compatible for Editor in 0.47 ms, found 2 plugins.
Preloading 0 native plugins for Editor in 0.00 ms.
Invoked RoslynAnalysisRunner static constructor.
RoslynAnalysisRunner will not be running.
RoslynAnalysisRunner has terminated.
Mono: successfully reloaded assembly
- Completed reload, in  0.826 seconds
Platform modules already initialized, skipping
Switching build target platform(5) subTarget(0) extendedPlatform(0) -> platform(13) subTarget(537395200) extendedPlatform(0)
Refreshing native plugins compatible for Editor in 0.46 ms, found 2 plugins.
Preloading 0 native plugins for Editor in 0.00 ms.
Unloading 1917 Unused Serialized files (Serialized files now loaded: 0)
System memory in use before: 90.9 MB.
System memory in use after: 91.1 MB.

Unloading 24 unused Assets to reduce memory usage. Loaded Objects now: 2405.
Total: 1.890500 ms (FindLiveObjects: 0.183800 ms CreateObjectMapping: 0.074500 ms MarkObjects: 1.610300 ms  DeleteObjects: 0.020900 ms)

AssetImportParameters requested are different than current active one (requested -> active):
  custom:graphics/normal-map-encoding: 01000000000000000000000000000000 -> 02000000000000000000000000000000
========================================================================
Received Import Request.
  Time since last request: 26.769724 seconds.
  path: Assets/Scripts/ManipulacionEscenarios/SiguienteEscena.cs
  artifactKey: Guid(3c408500ab2f78847969944defc2d9ff) Importer(815301076,1909f56bfc062723c751e8b465ee728b)
Start importing Assets/Scripts/ManipulacionEscenarios/SiguienteEscena.cs using Guid(3c408500ab2f78847969944defc2d9ff) Importer(815301076,1909f56bfc062723c751e8b465ee728b)  -> (artifact id: 'e7d91747f34120517308f5eb8c1f9d8d') in 0.003402 seconds
  Import took 0.023290 seconds .

========================================================================
Received Prepare
Registering precompiled user dll's ...
Registered in 0.001664 seconds.
Begin MonoManager ReloadAssembly
Native extension for WindowsStandalone target not found
Refreshing native plugins compatible for Editor in 0.53 ms, found 2 plugins.
Preloading 0 native plugins for Editor in 0.00 ms.
Invoked RoslynAnalysisRunner static constructor.
RoslynAnalysisRunner will not be running.
RoslynAnalysisRunner has terminated.
Mono: successfully reloaded assembly
- Completed reload, in  1.090 seconds
Platform modules already initialized, skipping
Switching build target platform(5) subTarget(0) extendedPlatform(0) -> platform(13) subTarget(537395200) extendedPlatform(0)
Refreshing native plugins compatible for Editor in 0.72 ms, found 2 plugins.
Preloading 0 native plugins for Editor in 0.00 ms.
Unloading 1917 Unused Serialized files (Serialized files now loaded: 0)
System memory in use before: 91.0 MB.
System memory in use after: 91.1 MB.

Unloading 24 unused Assets to reduce memory usage. Loaded Objects now: 2409.
Total: 2.693600 ms (FindLiveObjects: 0.214500 ms CreateObjectMapping: 0.109800 ms MarkObjects: 2.336200 ms  DeleteObjects: 0.031800 ms)

AssetImportParameters requested are different than current active one (requested -> active):
  custom:graphics/normal-map-encoding: 01000000000000000000000000000000 -> 02000000000000000000000000000000
========================================================================
Received Import Request.
  Time since last request: 127.864910 seconds.
  path: Assets/Scripts/EscenaDeJuego/ControlVentanas.cs
  artifactKey: Guid(00ac2a412c340ff4a89fcca75c9b2198) Importer(815301076,1909f56bfc062723c751e8b465ee728b)
Start importing Assets/Scripts/EscenaDeJuego/ControlVentanas.cs using Guid(00ac2a412c340ff4a89fcca75c9b2198) Importer(815301076,1909f56bfc062723c751e8b465ee728b)  -> (artifact id: '82057e63fb35c682365d5aca4e24ccd2') in 0.007763 seconds
  Import took 0.010565 seconds .

========================================================================
Received Import Request.
  Time since last request: 0.002640 seconds.
  path: Assets/Scripts/EscenaDeJuego/ControlVentanas.cs
  artifactKey: Guid(00ac2a412c340ff4a89fcca75c9b2198) Importer(815301076,1909f56bfc062723c751e8b465ee728b)
Start importing Assets/Scripts/EscenaDeJuego/ControlVentanas.cs using Guid(00ac2a412c340ff4a89fcca75c9b2198) Importer(815301076,1909f56bfc062723c751e8b465ee728b)  -> (artifact id: '82057e63fb35c682365d5aca4e24ccd2') in 0.001427 seconds
  Import took 0.005126 seconds .

========================================================================
Received Prepare
Registering precompiled user dll's ...
Registered in 0.001218 seconds.
Begin MonoManager ReloadAssembly
Native extension for WindowsStandalone target not found
Refreshing native plugins compatible for Editor in 0.45 ms, found 2 plugins.
Preloading 0 native plugins for Editor in 0.00 ms.
Invoked RoslynAnalysisRunner static constructor.
RoslynAnalysisRunner will not be running.
RoslynAnalysisRunner has terminated.
Mono: successfully reloaded assembly
- Completed reload, in  0.846 seconds
Platform modules already initialized, skipping
Switching build target platform(5) subTarget(0) extendedPlatform(0) -> platform(13) subTarget(537395200) extendedPlatform(0)
Refreshing native plugins compatible for Editor in 0.48 ms, found 2 plugins.
Preloading 0 native plugins for Editor in 0.00 ms.
Unloading 1917 Unused Serialized files (Serialized files now loaded: 0)
System memory in use before: 91.0 MB.
System memory in use after: 91.1 MB.

Unloading 24 unused Assets to reduce memory usage. Loaded Objects now: 2413.
Total: 2.282200 ms (FindLiveObjects: 0.428900 ms CreateObjectMapping: 0.183400 ms MarkObjects: 1.643700 ms  DeleteObjects: 0.025000 ms)

AssetImportParameters requested are different than current active one (requested -> active):
  custom:graphics/normal-map-encoding: 01000000000000000000000000000000 -> 02000000000000000000000000000000
========================================================================
Received Import Request.
  Time since last request: 202.132914 seconds.
  path: Assets/Scripts/MenuPrincipal/ControlCB.cs
  artifactKey: Guid(c450030851ee48d40a5c4edf86ec9b9f) Importer(815301076,1909f56bfc062723c751e8b465ee728b)
Start importing Assets/Scripts/MenuPrincipal/ControlCB.cs using Guid(c450030851ee48d40a5c4edf86ec9b9f) Importer(815301076,1909f56bfc062723c751e8b465ee728b)  -> (artifact id: '1b28a1f04021125ce07ba6b8d30bb578') in 0.008137 seconds
  Import took 0.011426 seconds .

========================================================================
Received Import Request.
  Time since last request: 0.003333 seconds.
  path: Assets/Scripts/MenuPrincipal/ControlCB.cs
  artifactKey: Guid(c450030851ee48d40a5c4edf86ec9b9f) Importer(815301076,1909f56bfc062723c751e8b465ee728b)
Start importing Assets/Scripts/MenuPrincipal/ControlCB.cs using Guid(c450030851ee48d40a5c4edf86ec9b9f) Importer(815301076,1909f56bfc062723c751e8b465ee728b)  -> (artifact id: '1b28a1f04021125ce07ba6b8d30bb578') in 0.001337 seconds
  Import took 0.004156 seconds .

========================================================================
Received Prepare
Registering precompiled user dll's ...
Registered in 0.001263 seconds.
Begin MonoManager ReloadAssembly
Native extension for WindowsStandalone target not found
Refreshing native plugins compatible for Editor in 0.75 ms, found 2 plugins.
Preloading 0 native plugins for Editor in 0.00 ms.
Invoked RoslynAnalysisRunner static constructor.
RoslynAnalysisRunner will not be running.
RoslynAnalysisRunner has terminated.
Mono: successfully reloaded assembly
- Completed reload, in  0.875 seconds
Platform modules already initialized, skipping
Switching build target platform(5) subTarget(0) extendedPlatform(0) -> platform(13) subTarget(537395200) extendedPlatform(0)
Refreshing native plugins compatible for Editor in 0.46 ms, found 2 plugins.
Preloading 0 native plugins for Editor in 0.00 ms.
Unloading 1917 Unused Serialized files (Serialized files now loaded: 0)
System memory in use before: 91.0 MB.
System memory in use after: 91.1 MB.

Unloading 24 unused Assets to reduce memory usage. Loaded Objects now: 2417.
Total: 2.126200 ms (FindLiveObjects: 0.207300 ms CreateObjectMapping: 0.092800 ms MarkObjects: 1.804400 ms  DeleteObjects: 0.020700 ms)

AssetImportParameters requested are different than current active one (requested -> active):
  custom:graphics/normal-map-encoding: 01000000000000000000000000000000 -> 02000000000000000000000000000000
========================================================================
Received Import Request.
  Time since last request: 43.716541 seconds.
  path: Assets/Scripts/MenuPrincipal/ControlCB.cs
  artifactKey: Guid(c450030851ee48d40a5c4edf86ec9b9f) Importer(815301076,1909f56bfc062723c751e8b465ee728b)
Start importing Assets/Scripts/MenuPrincipal/ControlCB.cs using Guid(c450030851ee48d40a5c4edf86ec9b9f) Importer(815301076,1909f56bfc062723c751e8b465ee728b)  -> (artifact id: '9cd50df0572297e67288458c876b09c0') in 0.003681 seconds
  Import took 0.006400 seconds .

========================================================================
Received Prepare
Registering precompiled user dll's ...
Registered in 0.001791 seconds.
Begin MonoManager ReloadAssembly
Native extension for WindowsStandalone target not found
Refreshing native plugins compatible for Editor in 0.55 ms, found 2 plugins.
Preloading 0 native plugins for Editor in 0.00 ms.
Invoked RoslynAnalysisRunner static constructor.
RoslynAnalysisRunner will not be running.
RoslynAnalysisRunner has terminated.
Mono: successfully reloaded assembly
- Completed reload, in  1.062 seconds
Platform modules already initialized, skipping
Switching build target platform(5) subTarget(0) extendedPlatform(0) -> platform(13) subTarget(537395200) extendedPlatform(0)
Refreshing native plugins compatible for Editor in 0.62 ms, found 2 plugins.
Preloading 0 native plugins for Editor in 0.00 ms.
Unloading 1917 Unused Serialized files (Serialized files now loaded: 0)
System memory in use before: 91.0 MB.
System memory in use after: 91.1 MB.

Unloading 24 unused Assets to reduce memory usage. Loaded Objects now: 2421.
Total: 2.657300 ms (FindLiveObjects: 0.315300 ms CreateObjectMapping: 0.144800 ms MarkObjects: 2.163400 ms  DeleteObjects: 0.032400 ms)

AssetImportParameters requested are different than current active one (requested -> active):
  custom:graphics/normal-map-encoding: 01000000000000000000000000000000 -> 02000000000000000000000000000000
========================================================================
Received Prepare
Registering precompiled user dll's ...
Registered in 0.001233 seconds.
Begin MonoManager ReloadAssembly
Native extension for WindowsStandalone target not found
Refreshing native plugins compatible for Editor in 0.45 ms, found 2 plugins.
Preloading 0 native plugins for Editor in 0.00 ms.
Invoked RoslynAnalysisRunner static constructor.
RoslynAnalysisRunner will not be running.
RoslynAnalysisRunner has terminated.
Mono: successfully reloaded assembly
- Completed reload, in  0.857 seconds
Platform modules already initialized, skipping
Switching build target platform(5) subTarget(0) extendedPlatform(0) -> platform(13) subTarget(537395200) extendedPlatform(0)
Refreshing native plugins compatible for Editor in 0.48 ms, found 2 plugins.
Preloading 0 native plugins for Editor in 0.00 ms.
Unloading 1917 Unused Serialized files (Serialized files now loaded: 0)
System memory in use before: 91.0 MB.
System memory in use after: 91.1 MB.

Unloading 24 unused Assets to reduce memory usage. Loaded Objects now: 2425.
Total: 1.952500 ms (FindLiveObjects: 0.250700 ms CreateObjectMapping: 0.092800 ms MarkObjects: 1.588800 ms  DeleteObjects: 0.019000 ms)

AssetImportParameters requested are different than current active one (requested -> active):
  custom:graphics/normal-map-encoding: 01000000000000000000000000000000 -> 02000000000000000000000000000000
========================================================================
Received Prepare
Registering precompiled user dll's ...
Registered in 0.001444 seconds.
Begin MonoManager ReloadAssembly
Native extension for WindowsStandalone target not found
Refreshing native plugins compatible for Editor in 0.45 ms, found 2 plugins.
Preloading 0 native plugins for Editor in 0.00 ms.
Invoked RoslynAnalysisRunner static constructor.
RoslynAnalysisRunner will not be running.
RoslynAnalysisRunner has terminated.
Mono: successfully reloaded assembly
- Completed reload, in  0.843 seconds
Platform modules already initialized, skipping
Switching build target platform(5) subTarget(0) extendedPlatform(0) -> platform(13) subTarget(537395200) extendedPlatform(0)
Refreshing native plugins compatible for Editor in 0.49 ms, found 2 plugins.
Preloading 0 native plugins for Editor in 0.00 ms.
Unloading 1917 Unused Serialized files (Serialized files now loaded: 0)
System memory in use before: 91.0 MB.
System memory in use after: 91.1 MB.

Unloading 24 unused Assets to reduce memory usage. Loaded Objects now: 2429.
Total: 2.132100 ms (FindLiveObjects: 0.297500 ms CreateObjectMapping: 0.107200 ms MarkObjects: 1.700100 ms  DeleteObjects: 0.025900 ms)

AssetImportParameters requested are different than current active one (requested -> active):
  custom:graphics/normal-map-encoding: 01000000000000000000000000000000 -> 02000000000000000000000000000000
========================================================================
Received Prepare
Registering precompiled user dll's ...
Registered in 0.001373 seconds.
Begin MonoManager ReloadAssembly
Native extension for WindowsStandalone target not found
Refreshing native plugins compatible for Editor in 0.47 ms, found 2 plugins.
Preloading 0 native plugins for Editor in 0.00 ms.
Invoked RoslynAnalysisRunner static constructor.
RoslynAnalysisRunner will not be running.
RoslynAnalysisRunner has terminated.
Mono: successfully reloaded assembly
- Completed reload, in  0.853 seconds
Platform modules already initialized, skipping
Switching build target platform(5) subTarget(0) extendedPlatform(0) -> platform(13) subTarget(537395200) extendedPlatform(0)
Refreshing native plugins compatible for Editor in 0.45 ms, found 2 plugins.
Preloading 0 native plugins for Editor in 0.00 ms.
Unloading 1917 Unused Serialized files (Serialized files now loaded: 0)
System memory in use before: 91.0 MB.
System memory in use after: 91.1 MB.

Unloading 24 unused Assets to reduce memory usage. Loaded Objects now: 2433.
Total: 1.946900 ms (FindLiveObjects: 0.216000 ms CreateObjectMapping: 0.090600 ms MarkObjects: 1.619100 ms  DeleteObjects: 0.020100 ms)

AssetImportParameters requested are different than current active one (requested -> active):
  custom:graphics/normal-map-encoding: 01000000000000000000000000000000 -> 02000000000000000000000000000000
========================================================================
Received Import Request.
  Time since last request: 374.338195 seconds.
  path: Assets/Scripts/EscenaDeJuego/cargarPregunta.cs
  artifactKey: Guid(a88f30efda8477d4aab892ae07b13860) Importer(815301076,1909f56bfc062723c751e8b465ee728b)
Start importing Assets/Scripts/EscenaDeJuego/cargarPregunta.cs using Guid(a88f30efda8477d4aab892ae07b13860) Importer(815301076,1909f56bfc062723c751e8b465ee728b)  -> (artifact id: 'a3db8aabe87250838e7d084807fc7662') in 0.009016 seconds
  Import took 0.011784 seconds .

========================================================================
Received Import Request.
  Time since last request: 0.025725 seconds.
  path: Assets/Scripts/EscenaDeJuego/cargarPregunta.cs
  artifactKey: Guid(a88f30efda8477d4aab892ae07b13860) Importer(815301076,1909f56bfc062723c751e8b465ee728b)
Start importing Assets/Scripts/EscenaDeJuego/cargarPregunta.cs using Guid(a88f30efda8477d4aab892ae07b13860) Importer(815301076,1909f56bfc062723c751e8b465ee728b)  -> (artifact id: 'a3db8aabe87250838e7d084807fc7662') in 0.001263 seconds
  Import took 0.004169 seconds .

========================================================================
Received Prepare
Refreshing native plugins compatible for Editor in 3.63 ms, found 2 plugins.
Preloading 0 native plugins for Editor in 0.00 ms.
Unloading 22 Unused Serialized files (Serialized files now loaded: 0)
System memory in use before: 53.7 MB.
System memory in use after: 53.8 MB.

Unloading 22 unused Assets to reduce memory usage. Loaded Objects now: 2433.
Total: 2.468000 ms (FindLiveObjects: 0.449200 ms CreateObjectMapping: 0.219400 ms MarkObjects: 1.776100 ms  DeleteObjects: 0.021700 ms)

========================================================================
Received Prepare
Refreshing native plugins compatible for Editor in 3.54 ms, found 2 plugins.
Preloading 0 native plugins for Editor in 0.00 ms.
Unloading 22 Unused Serialized files (Serialized files now loaded: 0)
System memory in use before: 53.7 MB.
System memory in use after: 53.8 MB.

Unloading 22 unused Assets to reduce memory usage. Loaded Objects now: 2433.
Total: 2.458300 ms (FindLiveObjects: 0.266500 ms CreateObjectMapping: 0.120300 ms MarkObjects: 2.046600 ms  DeleteObjects: 0.023300 ms)

